C:\USERS\Максим\DOWNLOADS\TANKS2SDL-MASTER\TANKS2SDL-MASTER\TANKSDL2\TANKSDL2\DEBUG\BOTTANKS.OBJ
C:\USERS\Максим\DOWNLOADS\TANKS2SDL-MASTER\TANKS2SDL-MASTER\TANKSDL2\TANKSDL2\DEBUG\BULLETS.OBJ
C:\USERS\Максим\DOWNLOADS\TANKS2SDL-MASTER\TANKS2SDL-MASTER\TANKSDL2\TANKSDL2\DEBUG\GRAPHICS.OBJ
C:\USERS\Максим\DOWNLOADS\TANKS2SDL-MASTER\TANKS2SDL-MASTER\TANKSDL2\TANKSDL2\DEBUG\HERO.OBJ
C:\USERS\Максим\DOWNLOADS\TANKS2SDL-MASTER\TANKS2SDL-MASTER\TANKSDL2\TANKSDL2\DEBUG\MAIN.OBJ
C:\USERS\Максим\DOWNLOADS\TANKS2SDL-MASTER\TANKS2SDL-MASTER\TANKSDL2\TANKSDL2\DEBUG\OBJECTS.OBJ
C:\USERS\Максим\DOWNLOADS\TANKS2SDL-MASTER\TANKS2SDL-MASTER\TANKSDL2\TANKSDL2\DEBUG\STATICTEXTURES.OBJ
C:\USERS\Максим\DOWNLOADS\TANKS2SDL-MASTER\TANKS2SDL-MASTER\TANKSDL2\TANKSDL2\DEBUG\TANKS.OBJ
C:\USERS\МАКСИМ\DOWNLOADS\TANKS2SDL-MASTER\TANKS2SDL-MASTER\TANKSDL2\TANKSDL2\DEBUG\VC110.PDB
C:\USERS\Максим\DOCUMENTS\PROJECTS\TANKS2SDL-MASTER\TANKS2SDL-MASTER\TANKSDL2\TANKSDL2\DEBUG\BOTTANKS.OBJ
C:\USERS\Максим\DOCUMENTS\PROJECTS\TANKS2SDL-MASTER\TANKS2SDL-MASTER\TANKSDL2\TANKSDL2\DEBUG\BULLETS.OBJ
C:\USERS\Максим\DOCUMENTS\PROJECTS\TANKS2SDL-MASTER\TANKS2SDL-MASTER\TANKSDL2\TANKSDL2\DEBUG\GRAPHICS.OBJ
C:\USERS\Максим\DOCUMENTS\PROJECTS\TANKS2SDL-MASTER\TANKS2SDL-MASTER\TANKSDL2\TANKSDL2\DEBUG\HERO.OBJ
C:\USERS\Максим\DOCUMENTS\PROJECTS\TANKS2SDL-MASTER\TANKS2SDL-MASTER\TANKSDL2\TANKSDL2\DEBUG\MAIN.OBJ
C:\USERS\Максим\DOCUMENTS\PROJECTS\TANKS2SDL-MASTER\TANKS2SDL-MASTER\TANKSDL2\TANKSDL2\DEBUG\OBJECTS.OBJ
C:\USERS\Максим\DOCUMENTS\PROJECTS\TANKS2SDL-MASTER\TANKS2SDL-MASTER\TANKSDL2\TANKSDL2\DEBUG\STATICTEXTURES.OBJ
C:\USERS\Максим\DOCUMENTS\PROJECTS\TANKS2SDL-MASTER\TANKS2SDL-MASTER\TANKSDL2\TANKSDL2\DEBUG\TANKS.OBJ
C:\USERS\МАКСИМ\DOCUMENTS\PROJECTS\TANKS2SDL-MASTER\TANKS2SDL-MASTER\TANKSDL2\TANKSDL2\DEBUG\VC110.PDB
C:\USERS\Максим\DOCUMENTS\PROJECTS\TANKS2SDL-MASTER\TANKS2SDL-MASTER\TANKSDL2\TANKSDL2\DEBUG\GAME.OBJ
C:\USERS\Максим\DOCUMENTS\PROJECTS\TANKS2SDL-MASTER\TANKS2SDL-MASTER\TANKSDL2\TANKSDL2\DEBUG\LEVEL.OBJ
C:\USERS\Максим\DOWNLOADS\TANKS2SDL-MASTER\TANKS2SDL-MASTER\TANKSDL2\DEBUG\TANKSDL2.ILK
C:\USERS\Максим\DOWNLOADS\TANKS2SDL-MASTER\TANKS2SDL-MASTER\TANKSDL2\DEBUG\TANKSDL2.EXE
C:\USERS\МАКСИМ\DOWNLOADS\TANKS2SDL-MASTER\TANKS2SDL-MASTER\TANKSDL2\DEBUG\TANKSDL2.PDB
C:\Users\Максим\Documents\Projects\tanks2sdl-master\tanks2sdl-master\tanksdl2\tanksdl2\Debug\bullets.obj
C:\Users\Максим\Documents\Projects\tanks2sdl-master\tanks2sdl-master\tanksdl2\tanksdl2\Debug\Graphics.obj
C:\Users\Максим\Documents\Projects\tanks2sdl-master\tanks2sdl-master\tanksdl2\tanksdl2\Debug\Objects.obj
C:\Users\Максим\Documents\Projects\tanks2sdl-master\tanks2sdl-master\tanksdl2\tanksdl2\Debug\StaticTextures.obj
C:\Users\Максим\Documents\Projects\tanks2sdl-master\tanks2sdl-master\tanksdl2\tanksdl2\Debug\cl.command.1.tlog
C:\Users\Максим\Documents\Projects\tanks2sdl-master\tanks2sdl-master\tanksdl2\tanksdl2\Debug\CL.read.1.tlog
C:\Users\Максим\Documents\Projects\tanks2sdl-master\tanks2sdl-master\tanksdl2\tanksdl2\Debug\CL.write.1.tlog
C:\Users\Максим\Documents\Projects\tanks2sdl-master\tanks2sdl-master\tanksdl2\tanksdl2\Debug\link-cvtres.read.1.tlog
C:\Users\Максим\Documents\Projects\tanks2sdl-master\tanks2sdl-master\tanksdl2\tanksdl2\Debug\link-cvtres.write.1.tlog
C:\Users\Максим\Documents\Projects\tanks2sdl-master\tanks2sdl-master\tanksdl2\tanksdl2\Debug\link-rc.read.1.tlog
C:\Users\Максим\Documents\Projects\tanks2sdl-master\tanks2sdl-master\tanksdl2\tanksdl2\Debug\link-rc.write.1.tlog
C:\Users\Максим\Documents\Projects\tanks2sdl-master\tanks2sdl-master\tanksdl2\tanksdl2\Debug\link.1720-cvtres.read.1.tlog
C:\Users\Максим\Documents\Projects\tanks2sdl-master\tanks2sdl-master\tanksdl2\tanksdl2\Debug\link.1720-cvtres.write.1.tlog
C:\Users\Максим\Documents\Projects\tanks2sdl-master\tanks2sdl-master\tanksdl2\tanksdl2\Debug\link.1720-rc.read.1.tlog
C:\Users\Максим\Documents\Projects\tanks2sdl-master\tanks2sdl-master\tanksdl2\tanksdl2\Debug\link.1720-rc.write.1.tlog
C:\Users\Максим\Documents\Projects\tanks2sdl-master\tanks2sdl-master\tanksdl2\tanksdl2\Debug\link.1720.read.1.tlog
C:\Users\Максим\Documents\Projects\tanks2sdl-master\tanks2sdl-master\tanksdl2\tanksdl2\Debug\link.1720.write.1.tlog
C:\Users\Максим\Documents\Projects\tanks2sdl-master\tanks2sdl-master\tanksdl2\tanksdl2\Debug\link.1784-cvtres.read.1.tlog
C:\Users\Максим\Documents\Projects\tanks2sdl-master\tanks2sdl-master\tanksdl2\tanksdl2\Debug\link.1784-cvtres.write.1.tlog
C:\Users\Максим\Documents\Projects\tanks2sdl-master\tanks2sdl-master\tanksdl2\tanksdl2\Debug\link.1784-rc.read.1.tlog
C:\Users\Максим\Documents\Projects\tanks2sdl-master\tanks2sdl-master\tanksdl2\tanksdl2\Debug\link.1784-rc.write.1.tlog
C:\Users\Максим\Documents\Projects\tanks2sdl-master\tanks2sdl-master\tanksdl2\tanksdl2\Debug\link.1784.read.1.tlog
C:\Users\Максим\Documents\Projects\tanks2sdl-master\tanks2sdl-master\tanksdl2\tanksdl2\Debug\link.1784.write.1.tlog
C:\Users\Максим\Documents\Projects\tanks2sdl-master\tanks2sdl-master\tanksdl2\tanksdl2\Debug\link.192-cvtres.read.1.tlog
C:\Users\Максим\Documents\Projects\tanks2sdl-master\tanks2sdl-master\tanksdl2\tanksdl2\Debug\link.192-cvtres.write.1.tlog
C:\Users\Максим\Documents\Projects\tanks2sdl-master\tanks2sdl-master\tanksdl2\tanksdl2\Debug\link.192-rc.read.1.tlog
C:\Users\Максим\Documents\Projects\tanks2sdl-master\tanks2sdl-master\tanksdl2\tanksdl2\Debug\link.192-rc.write.1.tlog
C:\Users\Максим\Documents\Projects\tanks2sdl-master\tanks2sdl-master\tanksdl2\tanksdl2\Debug\link.192.read.1.tlog
C:\Users\Максим\Documents\Projects\tanks2sdl-master\tanks2sdl-master\tanksdl2\tanksdl2\Debug\link.192.write.1.tlog
C:\Users\Максим\Documents\Projects\tanks2sdl-master\tanks2sdl-master\tanksdl2\tanksdl2\Debug\link.3240-cvtres.read.1.tlog
C:\Users\Максим\Documents\Projects\tanks2sdl-master\tanks2sdl-master\tanksdl2\tanksdl2\Debug\link.3240-cvtres.write.1.tlog
C:\Users\Максим\Documents\Projects\tanks2sdl-master\tanks2sdl-master\tanksdl2\tanksdl2\Debug\link.3240-rc.read.1.tlog
C:\Users\Максим\Documents\Projects\tanks2sdl-master\tanks2sdl-master\tanksdl2\tanksdl2\Debug\link.3240-rc.write.1.tlog
C:\Users\Максим\Documents\Projects\tanks2sdl-master\tanks2sdl-master\tanksdl2\tanksdl2\Debug\link.3240.read.1.tlog
C:\Users\Максим\Documents\Projects\tanks2sdl-master\tanks2sdl-master\tanksdl2\tanksdl2\Debug\link.3240.write.1.tlog
C:\Users\Максим\Documents\Projects\tanks2sdl-master\tanks2sdl-master\tanksdl2\tanksdl2\Debug\link.3320-cvtres.read.1.tlog
C:\Users\Максим\Documents\Projects\tanks2sdl-master\tanks2sdl-master\tanksdl2\tanksdl2\Debug\link.3320-cvtres.write.1.tlog
C:\Users\Максим\Documents\Projects\tanks2sdl-master\tanks2sdl-master\tanksdl2\tanksdl2\Debug\link.3320-rc.read.1.tlog
C:\Users\Максим\Documents\Projects\tanks2sdl-master\tanks2sdl-master\tanksdl2\tanksdl2\Debug\link.3320-rc.write.1.tlog
C:\Users\Максим\Documents\Projects\tanks2sdl-master\tanks2sdl-master\tanksdl2\tanksdl2\Debug\link.3320.read.1.tlog
C:\Users\Максим\Documents\Projects\tanks2sdl-master\tanks2sdl-master\tanksdl2\tanksdl2\Debug\link.3320.write.1.tlog
C:\Users\Максим\Documents\Projects\tanks2sdl-master\tanks2sdl-master\tanksdl2\tanksdl2\Debug\link.4376-cvtres.read.1.tlog
C:\Users\Максим\Documents\Projects\tanks2sdl-master\tanks2sdl-master\tanksdl2\tanksdl2\Debug\link.4376-cvtres.write.1.tlog
C:\Users\Максим\Documents\Projects\tanks2sdl-master\tanks2sdl-master\tanksdl2\tanksdl2\Debug\link.4376-rc.read.1.tlog
C:\Users\Максим\Documents\Projects\tanks2sdl-master\tanks2sdl-master\tanksdl2\tanksdl2\Debug\link.4376-rc.write.1.tlog
C:\Users\Максим\Documents\Projects\tanks2sdl-master\tanks2sdl-master\tanksdl2\tanksdl2\Debug\link.4376.read.1.tlog
C:\Users\Максим\Documents\Projects\tanks2sdl-master\tanks2sdl-master\tanksdl2\tanksdl2\Debug\link.4376.write.1.tlog
C:\Users\Максим\Documents\Projects\tanks2sdl-master\tanks2sdl-master\tanksdl2\tanksdl2\Debug\link.5072-cvtres.read.1.tlog
C:\Users\Максим\Documents\Projects\tanks2sdl-master\tanks2sdl-master\tanksdl2\tanksdl2\Debug\link.5072-cvtres.write.1.tlog
C:\Users\Максим\Documents\Projects\tanks2sdl-master\tanks2sdl-master\tanksdl2\tanksdl2\Debug\link.5072-rc.read.1.tlog
C:\Users\Максим\Documents\Projects\tanks2sdl-master\tanks2sdl-master\tanksdl2\tanksdl2\Debug\link.5072-rc.write.1.tlog
C:\Users\Максим\Documents\Projects\tanks2sdl-master\tanks2sdl-master\tanksdl2\tanksdl2\Debug\link.5072.read.1.tlog
C:\Users\Максим\Documents\Projects\tanks2sdl-master\tanks2sdl-master\tanksdl2\tanksdl2\Debug\link.5072.write.1.tlog
C:\Users\Максим\Documents\Projects\tanks2sdl-master\tanks2sdl-master\tanksdl2\tanksdl2\Debug\link.5596-cvtres.read.1.tlog
C:\Users\Максим\Documents\Projects\tanks2sdl-master\tanks2sdl-master\tanksdl2\tanksdl2\Debug\link.5596-cvtres.write.1.tlog
C:\Users\Максим\Documents\Projects\tanks2sdl-master\tanks2sdl-master\tanksdl2\tanksdl2\Debug\link.5596-rc.read.1.tlog
C:\Users\Максим\Documents\Projects\tanks2sdl-master\tanks2sdl-master\tanksdl2\tanksdl2\Debug\link.5596-rc.write.1.tlog
C:\Users\Максим\Documents\Projects\tanks2sdl-master\tanks2sdl-master\tanksdl2\tanksdl2\Debug\link.5596.read.1.tlog
C:\Users\Максим\Documents\Projects\tanks2sdl-master\tanks2sdl-master\tanksdl2\tanksdl2\Debug\link.5596.write.1.tlog
C:\Users\Максим\Documents\Projects\tanks2sdl-master\tanks2sdl-master\tanksdl2\tanksdl2\Debug\link.5960-cvtres.read.1.tlog
C:\Users\Максим\Documents\Projects\tanks2sdl-master\tanks2sdl-master\tanksdl2\tanksdl2\Debug\link.5960-cvtres.write.1.tlog
C:\Users\Максим\Documents\Projects\tanks2sdl-master\tanks2sdl-master\tanksdl2\tanksdl2\Debug\link.5960-rc.read.1.tlog
C:\Users\Максим\Documents\Projects\tanks2sdl-master\tanks2sdl-master\tanksdl2\tanksdl2\Debug\link.5960-rc.write.1.tlog
C:\Users\Максим\Documents\Projects\tanks2sdl-master\tanks2sdl-master\tanksdl2\tanksdl2\Debug\link.5960.read.1.tlog
C:\Users\Максим\Documents\Projects\tanks2sdl-master\tanks2sdl-master\tanksdl2\tanksdl2\Debug\link.5960.write.1.tlog
C:\Users\Максим\Documents\Projects\tanks2sdl-master\tanks2sdl-master\tanksdl2\tanksdl2\Debug\link.6608-cvtres.read.1.tlog
C:\Users\Максим\Documents\Projects\tanks2sdl-master\tanks2sdl-master\tanksdl2\tanksdl2\Debug\link.6608-cvtres.write.1.tlog
C:\Users\Максим\Documents\Projects\tanks2sdl-master\tanks2sdl-master\tanksdl2\tanksdl2\Debug\link.6608-rc.read.1.tlog
C:\Users\Максим\Documents\Projects\tanks2sdl-master\tanks2sdl-master\tanksdl2\tanksdl2\Debug\link.6608-rc.write.1.tlog
C:\Users\Максим\Documents\Projects\tanks2sdl-master\tanks2sdl-master\tanksdl2\tanksdl2\Debug\link.6608.read.1.tlog
C:\Users\Максим\Documents\Projects\tanks2sdl-master\tanks2sdl-master\tanksdl2\tanksdl2\Debug\link.6608.write.1.tlog
C:\Users\Максим\Documents\Projects\tanks2sdl-master\tanks2sdl-master\tanksdl2\tanksdl2\Debug\link.6644-cvtres.read.1.tlog
C:\Users\Максим\Documents\Projects\tanks2sdl-master\tanks2sdl-master\tanksdl2\tanksdl2\Debug\link.6644-cvtres.write.1.tlog
C:\Users\Максим\Documents\Projects\tanks2sdl-master\tanks2sdl-master\tanksdl2\tanksdl2\Debug\link.6644-rc.read.1.tlog
C:\Users\Максим\Documents\Projects\tanks2sdl-master\tanks2sdl-master\tanksdl2\tanksdl2\Debug\link.6644-rc.write.1.tlog
C:\Users\Максим\Documents\Projects\tanks2sdl-master\tanks2sdl-master\tanksdl2\tanksdl2\Debug\link.6644.read.1.tlog
C:\Users\Максим\Documents\Projects\tanks2sdl-master\tanks2sdl-master\tanksdl2\tanksdl2\Debug\link.6644.write.1.tlog
C:\Users\Максим\Documents\Projects\tanks2sdl-master\tanks2sdl-master\tanksdl2\tanksdl2\Debug\link.6820-cvtres.read.1.tlog
C:\Users\Максим\Documents\Projects\tanks2sdl-master\tanks2sdl-master\tanksdl2\tanksdl2\Debug\link.6820-cvtres.write.1.tlog
C:\Users\Максим\Documents\Projects\tanks2sdl-master\tanks2sdl-master\tanksdl2\tanksdl2\Debug\link.6820-rc.read.1.tlog
C:\Users\Максим\Documents\Projects\tanks2sdl-master\tanks2sdl-master\tanksdl2\tanksdl2\Debug\link.6820-rc.write.1.tlog
C:\Users\Максим\Documents\Projects\tanks2sdl-master\tanks2sdl-master\tanksdl2\tanksdl2\Debug\link.6820.read.1.tlog
C:\Users\Максим\Documents\Projects\tanks2sdl-master\tanks2sdl-master\tanksdl2\tanksdl2\Debug\link.6820.write.1.tlog
C:\Users\Максим\Documents\Projects\tanks2sdl-master\tanks2sdl-master\tanksdl2\tanksdl2\Debug\link.6936-cvtres.read.1.tlog
C:\Users\Максим\Documents\Projects\tanks2sdl-master\tanks2sdl-master\tanksdl2\tanksdl2\Debug\link.6936-cvtres.write.1.tlog
C:\Users\Максим\Documents\Projects\tanks2sdl-master\tanks2sdl-master\tanksdl2\tanksdl2\Debug\link.6936-rc.read.1.tlog
C:\Users\Максим\Documents\Projects\tanks2sdl-master\tanks2sdl-master\tanksdl2\tanksdl2\Debug\link.6936-rc.write.1.tlog
C:\Users\Максим\Documents\Projects\tanks2sdl-master\tanks2sdl-master\tanksdl2\tanksdl2\Debug\link.6936.read.1.tlog
C:\Users\Максим\Documents\Projects\tanks2sdl-master\tanks2sdl-master\tanksdl2\tanksdl2\Debug\link.6936.write.1.tlog
C:\Users\Максим\Documents\Projects\tanks2sdl-master\tanks2sdl-master\tanksdl2\tanksdl2\Debug\link.8184-cvtres.read.1.tlog
C:\Users\Максим\Documents\Projects\tanks2sdl-master\tanks2sdl-master\tanksdl2\tanksdl2\Debug\link.8184-cvtres.write.1.tlog
C:\Users\Максим\Documents\Projects\tanks2sdl-master\tanks2sdl-master\tanksdl2\tanksdl2\Debug\link.8184-rc.read.1.tlog
C:\Users\Максим\Documents\Projects\tanks2sdl-master\tanks2sdl-master\tanksdl2\tanksdl2\Debug\link.8184-rc.write.1.tlog
C:\Users\Максим\Documents\Projects\tanks2sdl-master\tanks2sdl-master\tanksdl2\tanksdl2\Debug\link.8184.read.1.tlog
C:\Users\Максим\Documents\Projects\tanks2sdl-master\tanks2sdl-master\tanksdl2\tanksdl2\Debug\link.8184.write.1.tlog
C:\Users\Максим\Documents\Projects\tanks2sdl-master\tanks2sdl-master\tanksdl2\tanksdl2\Debug\link.command.1.tlog
C:\Users\Максим\Documents\Projects\tanks2sdl-master\tanks2sdl-master\tanksdl2\tanksdl2\Debug\link.read.1.tlog
C:\Users\Максим\Documents\Projects\tanks2sdl-master\tanks2sdl-master\tanksdl2\tanksdl2\Debug\link.write.1.tlog
C:\Users\Максим\Documents\Projects\tanks2sdl-master\tanks2sdl-master\tanksdl2\tanksdl2\Debug\vc110.idb
C:\Users\Максим\Documents\Projects\tanks2sdl-master\tanks2sdl-master\tanksdl2\tanksdl2\Debug\vc110.pdb
C:\Users\Максим\Documents\Projects\tanks2sdl-master\tanks2sdl-master\tanksdl2\Debug\tanksdl2.pdb
