C:\USERS\Максим\DOCUMENTS\PROJECTS\TANKSDL2\TANKSDL2\DEBUG\MAIN.OBJ
C:\USERS\МАКСИМ\DOCUMENTS\PROJECTS\TANKSDL2\TANKSDL2\DEBUG\VC110.PDB
C:\USERS\Максим\DOCUMENTS\PROJECTS\TANKSDL2\TANKSDL2\DEBUG\GRAPHICS.OBJ
C:\USERS\Максим\DOCUMENTS\PROJECTS\TANKSDL2\TANKSDL2\DEBUG\TANKS.OBJ
C:\USERS\Максим\DOCUMENTS\PROJECTS\TANKSDL2\TANKSDL2\DEBUG\OBJECTS.OBJ
C:\USERS\Максим\DOCUMENTS\PROJECTS\TANKSDL2\TANKSDL2\DEBUG\BULLETS.OBJ
C:\USERS\Максим\DOCUMENTS\PROJECTS\TANKSDL2\TANKSDL2\DEBUG\STATICTEXTURES.OBJ
C:\USERS\Максим\DOCUMENTS\PROJECTS\TANKSDL2\TANKSDL2\DEBUG\HERO.OBJ
C:\USERS\Максим\DOCUMENTS\PROJECTS\TANKSDL2\TANKSDL2\DEBUG\BOTTANKS.OBJ
C:\Users\Максим\Documents\Projects\tanksdl2\tanksdl2\Debug\bottanks.obj
C:\Users\Максим\Documents\Projects\tanksdl2\tanksdl2\Debug\bullets.obj
C:\Users\Максим\Documents\Projects\tanksdl2\tanksdl2\Debug\Graphics.obj
C:\Users\Максим\Documents\Projects\tanksdl2\tanksdl2\Debug\hero.obj
C:\Users\Максим\Documents\Projects\tanksdl2\tanksdl2\Debug\main.obj
C:\Users\Максим\Documents\Projects\tanksdl2\tanksdl2\Debug\Objects.obj
C:\Users\Максим\Documents\Projects\tanksdl2\tanksdl2\Debug\StaticTextures.obj
C:\Users\Максим\Documents\Projects\tanksdl2\tanksdl2\Debug\tanks.obj
C:\Users\Максим\Documents\Projects\tanksdl2\tanksdl2\Debug\cl.command.1.tlog
C:\Users\Максим\Documents\Projects\tanksdl2\tanksdl2\Debug\CL.read.1.tlog
C:\Users\Максим\Documents\Projects\tanksdl2\tanksdl2\Debug\CL.write.1.tlog
C:\Users\Максим\Documents\Projects\tanksdl2\tanksdl2\Debug\link-cvtres.read.1.tlog
C:\Users\Максим\Documents\Projects\tanksdl2\tanksdl2\Debug\link-cvtres.write.1.tlog
C:\Users\Максим\Documents\Projects\tanksdl2\tanksdl2\Debug\link-rc.read.1.tlog
C:\Users\Максим\Documents\Projects\tanksdl2\tanksdl2\Debug\link-rc.write.1.tlog
C:\Users\Максим\Documents\Projects\tanksdl2\tanksdl2\Debug\link.1260-cvtres.read.1.tlog
C:\Users\Максим\Documents\Projects\tanksdl2\tanksdl2\Debug\link.1260-cvtres.write.1.tlog
C:\Users\Максим\Documents\Projects\tanksdl2\tanksdl2\Debug\link.1260-rc.read.1.tlog
C:\Users\Максим\Documents\Projects\tanksdl2\tanksdl2\Debug\link.1260-rc.write.1.tlog
C:\Users\Максим\Documents\Projects\tanksdl2\tanksdl2\Debug\link.1260.read.1.tlog
C:\Users\Максим\Documents\Projects\tanksdl2\tanksdl2\Debug\link.1260.write.1.tlog
C:\Users\Максим\Documents\Projects\tanksdl2\tanksdl2\Debug\link.1364-cvtres.read.1.tlog
C:\Users\Максим\Documents\Projects\tanksdl2\tanksdl2\Debug\link.1364-cvtres.write.1.tlog
C:\Users\Максим\Documents\Projects\tanksdl2\tanksdl2\Debug\link.1364-rc.read.1.tlog
C:\Users\Максим\Documents\Projects\tanksdl2\tanksdl2\Debug\link.1364-rc.write.1.tlog
C:\Users\Максим\Documents\Projects\tanksdl2\tanksdl2\Debug\link.1364.read.1.tlog
C:\Users\Максим\Documents\Projects\tanksdl2\tanksdl2\Debug\link.1364.write.1.tlog
C:\Users\Максим\Documents\Projects\tanksdl2\tanksdl2\Debug\link.2148-cvtres.read.1.tlog
C:\Users\Максим\Documents\Projects\tanksdl2\tanksdl2\Debug\link.2148-cvtres.write.1.tlog
C:\Users\Максим\Documents\Projects\tanksdl2\tanksdl2\Debug\link.2148-rc.read.1.tlog
C:\Users\Максим\Documents\Projects\tanksdl2\tanksdl2\Debug\link.2148-rc.write.1.tlog
C:\Users\Максим\Documents\Projects\tanksdl2\tanksdl2\Debug\link.2148.read.1.tlog
C:\Users\Максим\Documents\Projects\tanksdl2\tanksdl2\Debug\link.2148.write.1.tlog
C:\Users\Максим\Documents\Projects\tanksdl2\tanksdl2\Debug\link.2220-cvtres.read.1.tlog
C:\Users\Максим\Documents\Projects\tanksdl2\tanksdl2\Debug\link.2220-cvtres.write.1.tlog
C:\Users\Максим\Documents\Projects\tanksdl2\tanksdl2\Debug\link.2220-rc.read.1.tlog
C:\Users\Максим\Documents\Projects\tanksdl2\tanksdl2\Debug\link.2220-rc.write.1.tlog
C:\Users\Максим\Documents\Projects\tanksdl2\tanksdl2\Debug\link.2220.read.1.tlog
C:\Users\Максим\Documents\Projects\tanksdl2\tanksdl2\Debug\link.2220.write.1.tlog
C:\Users\Максим\Documents\Projects\tanksdl2\tanksdl2\Debug\link.3400-cvtres.read.1.tlog
C:\Users\Максим\Documents\Projects\tanksdl2\tanksdl2\Debug\link.3400-cvtres.write.1.tlog
C:\Users\Максим\Documents\Projects\tanksdl2\tanksdl2\Debug\link.3400-rc.read.1.tlog
C:\Users\Максим\Documents\Projects\tanksdl2\tanksdl2\Debug\link.3400-rc.write.1.tlog
C:\Users\Максим\Documents\Projects\tanksdl2\tanksdl2\Debug\link.3400.read.1.tlog
C:\Users\Максим\Documents\Projects\tanksdl2\tanksdl2\Debug\link.3400.write.1.tlog
C:\Users\Максим\Documents\Projects\tanksdl2\tanksdl2\Debug\link.3944-cvtres.read.1.tlog
C:\Users\Максим\Documents\Projects\tanksdl2\tanksdl2\Debug\link.3944-cvtres.write.1.tlog
C:\Users\Максим\Documents\Projects\tanksdl2\tanksdl2\Debug\link.3944-rc.read.1.tlog
C:\Users\Максим\Documents\Projects\tanksdl2\tanksdl2\Debug\link.3944-rc.write.1.tlog
C:\Users\Максим\Documents\Projects\tanksdl2\tanksdl2\Debug\link.3944.read.1.tlog
C:\Users\Максим\Documents\Projects\tanksdl2\tanksdl2\Debug\link.3944.write.1.tlog
C:\Users\Максим\Documents\Projects\tanksdl2\tanksdl2\Debug\link.4080-cvtres.read.1.tlog
C:\Users\Максим\Documents\Projects\tanksdl2\tanksdl2\Debug\link.4080-cvtres.write.1.tlog
C:\Users\Максим\Documents\Projects\tanksdl2\tanksdl2\Debug\link.4080-rc.read.1.tlog
C:\Users\Максим\Documents\Projects\tanksdl2\tanksdl2\Debug\link.4080-rc.write.1.tlog
C:\Users\Максим\Documents\Projects\tanksdl2\tanksdl2\Debug\link.4080.read.1.tlog
C:\Users\Максим\Documents\Projects\tanksdl2\tanksdl2\Debug\link.4080.write.1.tlog
C:\Users\Максим\Documents\Projects\tanksdl2\tanksdl2\Debug\link.4836-cvtres.read.1.tlog
C:\Users\Максим\Documents\Projects\tanksdl2\tanksdl2\Debug\link.4836-cvtres.write.1.tlog
C:\Users\Максим\Documents\Projects\tanksdl2\tanksdl2\Debug\link.4836-rc.read.1.tlog
C:\Users\Максим\Documents\Projects\tanksdl2\tanksdl2\Debug\link.4836-rc.write.1.tlog
C:\Users\Максим\Documents\Projects\tanksdl2\tanksdl2\Debug\link.4836.read.1.tlog
C:\Users\Максим\Documents\Projects\tanksdl2\tanksdl2\Debug\link.4836.write.1.tlog
C:\Users\Максим\Documents\Projects\tanksdl2\tanksdl2\Debug\link.4892-cvtres.read.1.tlog
C:\Users\Максим\Documents\Projects\tanksdl2\tanksdl2\Debug\link.4892-cvtres.write.1.tlog
C:\Users\Максим\Documents\Projects\tanksdl2\tanksdl2\Debug\link.4892-rc.read.1.tlog
C:\Users\Максим\Documents\Projects\tanksdl2\tanksdl2\Debug\link.4892-rc.write.1.tlog
C:\Users\Максим\Documents\Projects\tanksdl2\tanksdl2\Debug\link.4892.read.1.tlog
C:\Users\Максим\Documents\Projects\tanksdl2\tanksdl2\Debug\link.4892.write.1.tlog
C:\Users\Максим\Documents\Projects\tanksdl2\tanksdl2\Debug\link.5416-cvtres.read.1.tlog
C:\Users\Максим\Documents\Projects\tanksdl2\tanksdl2\Debug\link.5416-cvtres.write.1.tlog
C:\Users\Максим\Documents\Projects\tanksdl2\tanksdl2\Debug\link.5416-rc.read.1.tlog
C:\Users\Максим\Documents\Projects\tanksdl2\tanksdl2\Debug\link.5416-rc.write.1.tlog
C:\Users\Максим\Documents\Projects\tanksdl2\tanksdl2\Debug\link.5416.read.1.tlog
C:\Users\Максим\Documents\Projects\tanksdl2\tanksdl2\Debug\link.5416.write.1.tlog
C:\Users\Максим\Documents\Projects\tanksdl2\tanksdl2\Debug\link.5720-cvtres.read.1.tlog
C:\Users\Максим\Documents\Projects\tanksdl2\tanksdl2\Debug\link.5720-cvtres.write.1.tlog
C:\Users\Максим\Documents\Projects\tanksdl2\tanksdl2\Debug\link.5720-rc.read.1.tlog
C:\Users\Максим\Documents\Projects\tanksdl2\tanksdl2\Debug\link.5720-rc.write.1.tlog
C:\Users\Максим\Documents\Projects\tanksdl2\tanksdl2\Debug\link.5720.read.1.tlog
C:\Users\Максим\Documents\Projects\tanksdl2\tanksdl2\Debug\link.5720.write.1.tlog
C:\Users\Максим\Documents\Projects\tanksdl2\tanksdl2\Debug\link.6160-cvtres.read.1.tlog
C:\Users\Максим\Documents\Projects\tanksdl2\tanksdl2\Debug\link.6160-cvtres.write.1.tlog
C:\Users\Максим\Documents\Projects\tanksdl2\tanksdl2\Debug\link.6160-rc.read.1.tlog
C:\Users\Максим\Documents\Projects\tanksdl2\tanksdl2\Debug\link.6160-rc.write.1.tlog
C:\Users\Максим\Documents\Projects\tanksdl2\tanksdl2\Debug\link.6160.read.1.tlog
C:\Users\Максим\Documents\Projects\tanksdl2\tanksdl2\Debug\link.6160.write.1.tlog
C:\Users\Максим\Documents\Projects\tanksdl2\tanksdl2\Debug\link.6200-cvtres.read.1.tlog
C:\Users\Максим\Documents\Projects\tanksdl2\tanksdl2\Debug\link.6200-cvtres.write.1.tlog
C:\Users\Максим\Documents\Projects\tanksdl2\tanksdl2\Debug\link.6200-rc.read.1.tlog
C:\Users\Максим\Documents\Projects\tanksdl2\tanksdl2\Debug\link.6200-rc.write.1.tlog
C:\Users\Максим\Documents\Projects\tanksdl2\tanksdl2\Debug\link.6200.read.1.tlog
C:\Users\Максим\Documents\Projects\tanksdl2\tanksdl2\Debug\link.6200.write.1.tlog
C:\Users\Максим\Documents\Projects\tanksdl2\tanksdl2\Debug\link.6240-cvtres.read.1.tlog
C:\Users\Максим\Documents\Projects\tanksdl2\tanksdl2\Debug\link.6240-cvtres.write.1.tlog
C:\Users\Максим\Documents\Projects\tanksdl2\tanksdl2\Debug\link.6240-rc.read.1.tlog
C:\Users\Максим\Documents\Projects\tanksdl2\tanksdl2\Debug\link.6240-rc.write.1.tlog
C:\Users\Максим\Documents\Projects\tanksdl2\tanksdl2\Debug\link.6240.read.1.tlog
C:\Users\Максим\Documents\Projects\tanksdl2\tanksdl2\Debug\link.6240.write.1.tlog
C:\Users\Максим\Documents\Projects\tanksdl2\tanksdl2\Debug\link.6568-cvtres.read.1.tlog
C:\Users\Максим\Documents\Projects\tanksdl2\tanksdl2\Debug\link.6568-cvtres.write.1.tlog
C:\Users\Максим\Documents\Projects\tanksdl2\tanksdl2\Debug\link.6568-rc.read.1.tlog
C:\Users\Максим\Documents\Projects\tanksdl2\tanksdl2\Debug\link.6568-rc.write.1.tlog
C:\Users\Максим\Documents\Projects\tanksdl2\tanksdl2\Debug\link.6568.read.1.tlog
C:\Users\Максим\Documents\Projects\tanksdl2\tanksdl2\Debug\link.6568.write.1.tlog
C:\Users\Максим\Documents\Projects\tanksdl2\tanksdl2\Debug\link.6644-cvtres.read.1.tlog
C:\Users\Максим\Documents\Projects\tanksdl2\tanksdl2\Debug\link.6644-cvtres.write.1.tlog
C:\Users\Максим\Documents\Projects\tanksdl2\tanksdl2\Debug\link.6644-rc.read.1.tlog
C:\Users\Максим\Documents\Projects\tanksdl2\tanksdl2\Debug\link.6644-rc.write.1.tlog
C:\Users\Максим\Documents\Projects\tanksdl2\tanksdl2\Debug\link.6644.read.1.tlog
C:\Users\Максим\Documents\Projects\tanksdl2\tanksdl2\Debug\link.6644.write.1.tlog
C:\Users\Максим\Documents\Projects\tanksdl2\tanksdl2\Debug\link.7460-cvtres.read.1.tlog
C:\Users\Максим\Documents\Projects\tanksdl2\tanksdl2\Debug\link.7460-cvtres.write.1.tlog
C:\Users\Максим\Documents\Projects\tanksdl2\tanksdl2\Debug\link.7460-rc.read.1.tlog
C:\Users\Максим\Documents\Projects\tanksdl2\tanksdl2\Debug\link.7460-rc.write.1.tlog
C:\Users\Максим\Documents\Projects\tanksdl2\tanksdl2\Debug\link.7460.read.1.tlog
C:\Users\Максим\Documents\Projects\tanksdl2\tanksdl2\Debug\link.7460.write.1.tlog
C:\Users\Максим\Documents\Projects\tanksdl2\tanksdl2\Debug\link.7660-cvtres.read.1.tlog
C:\Users\Максим\Documents\Projects\tanksdl2\tanksdl2\Debug\link.7660-cvtres.write.1.tlog
C:\Users\Максим\Documents\Projects\tanksdl2\tanksdl2\Debug\link.7660-rc.read.1.tlog
C:\Users\Максим\Documents\Projects\tanksdl2\tanksdl2\Debug\link.7660-rc.write.1.tlog
C:\Users\Максим\Documents\Projects\tanksdl2\tanksdl2\Debug\link.7660.read.1.tlog
C:\Users\Максим\Documents\Projects\tanksdl2\tanksdl2\Debug\link.7660.write.1.tlog
C:\Users\Максим\Documents\Projects\tanksdl2\tanksdl2\Debug\link.8820-cvtres.read.1.tlog
C:\Users\Максим\Documents\Projects\tanksdl2\tanksdl2\Debug\link.8820-cvtres.write.1.tlog
C:\Users\Максим\Documents\Projects\tanksdl2\tanksdl2\Debug\link.8820-rc.read.1.tlog
C:\Users\Максим\Documents\Projects\tanksdl2\tanksdl2\Debug\link.8820-rc.write.1.tlog
C:\Users\Максим\Documents\Projects\tanksdl2\tanksdl2\Debug\link.8820.read.1.tlog
C:\Users\Максим\Documents\Projects\tanksdl2\tanksdl2\Debug\link.8820.write.1.tlog
C:\Users\Максим\Documents\Projects\tanksdl2\tanksdl2\Debug\link.command.1.tlog
C:\Users\Максим\Documents\Projects\tanksdl2\tanksdl2\Debug\link.read.1.tlog
C:\Users\Максим\Documents\Projects\tanksdl2\tanksdl2\Debug\link.write.1.tlog
C:\Users\Максим\Documents\Projects\tanksdl2\tanksdl2\Debug\vc110.idb
C:\Users\Максим\Documents\Projects\tanksdl2\tanksdl2\Debug\vc110.pdb
C:\Users\Максим\Documents\Projects\tanksdl2\Debug\tanksdl2.pdb
